<?xml version="1.0" encoding="UTF-8"?>
<!-- Generated by org.testng.reporters.JUnitReportReporter -->
<testsuite hostname="Hemanth" failures="0" tests="6" name="api.test.DDTests" time="12.976" errors="0" timestamp="2024-11-13T14:24:20 IST" skipped="0">
  <testcase classname="api.test.DDTests" name="testPostuser" time="2.247"/>
  <system-out/>
  <testcase classname="api.test.DDTests" name="testPostuser" time="4.248"/>
  <system-out/>
  <testcase classname="api.test.DDTests" name="testPostuser" time="1.665"/>
  <system-out/>
  <testcase classname="api.test.DDTests" name="testDeleteUserByName" time="1.647"/>
  <system-out/>
  <testcase classname="api.test.DDTests" name="testDeleteUserByName" time="1.633"/>
  <system-out/>
  <testcase classname="api.test.DDTests" name="testDeleteUserByName" time="1.536"/>
  <system-out/>
</testsuite> <!-- api.test.DDTests -->
