<?xml version="1.0" encoding="UTF-8"?>
<!-- Generated by org.testng.reporters.JUnitReportReporter -->
<testsuite hostname="Hemanth" failures="0" tests="4" name="api.test.UserTestUsingProFiles" time="7.941" errors="0" timestamp="2024-11-15T12:37:47 IST" skipped="0">
  <testcase classname="api.test.UserTestUsingProFiles" name="testPostUser" time="2.766"/>
  <system-out/>
  <testcase classname="api.test.UserTestUsingProFiles" name="testGetUserByName" time="1.250"/>
  <system-out/>
  <testcase classname="api.test.UserTestUsingProFiles" name="testUpdateUserByName" time="2.535"/>
  <system-out/>
  <testcase classname="api.test.UserTestUsingProFiles" name="testDeleteUserByName" time="1.390"/>
  <system-out/>
</testsuite> <!-- api.test.UserTestUsingProFiles -->
