<?xml version="1.0" encoding="UTF-8"?>
<!-- Generated by org.testng.reporters.JUnitReportReporter -->
<testsuite hostname="Hemanth" failures="0" tests="4" name="api.test.UserTestUsingProFiles" time="7.811" errors="0" timestamp="2024-11-16T19:17:49 IST" skipped="0">
  <testcase classname="api.test.UserTestUsingProFiles" name="testPostUser" time="1.680"/>
  <system-out/>
  <testcase classname="api.test.UserTestUsingProFiles" name="testGetUserByName" time="1.520"/>
  <system-out/>
  <testcase classname="api.test.UserTestUsingProFiles" name="testUpdateUserByName" time="3.078"/>
  <system-out/>
  <testcase classname="api.test.UserTestUsingProFiles" name="testDeleteUserByName" time="1.533"/>
  <system-out/>
</testsuite> <!-- api.test.UserTestUsingProFiles -->
