<?xml version="1.0" encoding="UTF-8"?>
<!-- Generated by org.testng.reporters.JUnitReportReporter -->
<testsuite hostname="Hemanth" failures="0" tests="6" name="api.test.DDTests" time="9.593" errors="0" timestamp="2024-11-16T19:17:49 IST" skipped="0">
  <testcase classname="api.test.DDTests" name="testPostuser" time="1.668"/>
  <system-out/>
  <testcase classname="api.test.DDTests" name="testPostuser" time="1.594"/>
  <system-out/>
  <testcase classname="api.test.DDTests" name="testPostuser" time="1.531"/>
  <system-out/>
  <testcase classname="api.test.DDTests" name="testDeleteUserByName" time="1.532"/>
  <system-out/>
  <testcase classname="api.test.DDTests" name="testDeleteUserByName" time="1.737"/>
  <system-out/>
  <testcase classname="api.test.DDTests" name="testDeleteUserByName" time="1.531"/>
  <system-out/>
</testsuite> <!-- api.test.DDTests -->
