<?xml version="1.0" encoding="UTF-8"?>
<!-- Generated by org.testng.reporters.JUnitReportReporter -->
<testsuite hostname="Hemanth" failures="0" tests="4" name="api.test.UserTest" time="10.259" errors="0" timestamp="2024-11-16T19:17:49 IST" skipped="0">
  <testcase classname="api.test.UserTest" name="testPostUser" time="3.671"/>
  <system-out/>
  <testcase classname="api.test.UserTest" name="testGetUserByName" time="1.782"/>
  <system-out/>
  <testcase classname="api.test.UserTest" name="testUpdateUserByName" time="3.063"/>
  <system-out/>
  <testcase classname="api.test.UserTest" name="testDeleteUserByName" time="1.743"/>
  <system-out/>
</testsuite> <!-- api.test.UserTest -->
