<?xml version="1.0" encoding="UTF-8"?>
<!-- Generated by org.testng.reporters.JUnitReportReporter -->
<testsuite hostname="Hemanth" failures="0" tests="4" name="api.test.UserTest" time="10.726" errors="0" timestamp="2024-11-13T14:32:18 IST" skipped="0">
  <testcase classname="api.test.UserTest" name="testPostUser" time="3.834"/>
  <system-out/>
  <testcase classname="api.test.UserTest" name="testGetUserByName" time="1.581"/>
  <system-out/>
  <testcase classname="api.test.UserTest" name="testUpdateUserByName" time="3.677"/>
  <system-out/>
  <testcase classname="api.test.UserTest" name="testDeleteUserByName" time="1.634"/>
  <system-out/>
</testsuite> <!-- api.test.UserTest -->
