<?xml version="1.0" encoding="UTF-8"?>
<!-- Generated by org.testng.reporters.JUnitReportReporter -->
<testsuite hostname="Hemanth" failures="0" tests="4" name="api.test.UserTestUsingProFiles" time="8.117" errors="0" timestamp="2024-11-15T13:12:15 IST" skipped="0">
  <testcase classname="api.test.UserTestUsingProFiles" name="testPostUser" time="2.946"/>
  <system-out/>
  <testcase classname="api.test.UserTestUsingProFiles" name="testGetUserByName" time="1.221"/>
  <system-out/>
  <testcase classname="api.test.UserTestUsingProFiles" name="testUpdateUserByName" time="2.476"/>
  <system-out/>
  <testcase classname="api.test.UserTestUsingProFiles" name="testDeleteUserByName" time="1.474"/>
  <system-out/>
</testsuite> <!-- api.test.UserTestUsingProFiles -->
