<?xml version="1.0" encoding="UTF-8"?>
<!-- Generated by org.testng.reporters.JUnitReportReporter -->
<testsuite hostname="Hemanth" failures="0" tests="6" name="api.test.DDTests" time="9.624" errors="0" timestamp="2024-11-16T19:18:50 IST" skipped="0">
  <testcase classname="api.test.DDTests" name="testPostuser" time="1.536"/>
  <system-out/>
  <testcase classname="api.test.DDTests" name="testPostuser" time="1.739"/>
  <system-out/>
  <testcase classname="api.test.DDTests" name="testPostuser" time="1.621"/>
  <system-out/>
  <testcase classname="api.test.DDTests" name="testDeleteUserByName" time="1.557"/>
  <system-out/>
  <testcase classname="api.test.DDTests" name="testDeleteUserByName" time="1.662"/>
  <system-out/>
  <testcase classname="api.test.DDTests" name="testDeleteUserByName" time="1.509"/>
  <system-out/>
</testsuite> <!-- api.test.DDTests -->
