<?xml version="1.0" encoding="UTF-8"?>
<!-- Generated by org.testng.reporters.JUnitReportReporter -->
<testsuite hostname="Hemanth" failures="0" tests="4" name="api.test.UserTestUsingProFiles" time="7.789" errors="0" timestamp="2024-11-16T19:18:50 IST" skipped="0">
  <testcase classname="api.test.UserTestUsingProFiles" name="testPostUser" time="1.629"/>
  <system-out/>
  <testcase classname="api.test.UserTestUsingProFiles" name="testGetUserByName" time="1.615"/>
  <system-out/>
  <testcase classname="api.test.UserTestUsingProFiles" name="testUpdateUserByName" time="3.130"/>
  <system-out/>
  <testcase classname="api.test.UserTestUsingProFiles" name="testDeleteUserByName" time="1.415"/>
  <system-out/>
</testsuite> <!-- api.test.UserTestUsingProFiles -->
